<?xml version="1.0" encoding="UTF-8"?>
<testng-results ignored="0" total="1" passed="1" failed="0" skipped="0">
  <reporter-output>
  </reporter-output>
  <suite started-at="2024-10-02T13:35:41 IST" name="Default suite" finished-at="2024-10-02T13:35:50 IST" duration-ms="8732">
    <groups>
      <group name="Master">
        <method signature="TC002_Login_Test.verify_login()[pri:0, instance:testCases.TC002_Login_Test@10c8f62]" name="verify_login" class="testCases.TC002_Login_Test"/>
      </group> <!-- Master -->
      <group name="Sanity">
        <method signature="TC002_Login_Test.verify_login()[pri:0, instance:testCases.TC002_Login_Test@10c8f62]" name="verify_login" class="testCases.TC002_Login_Test"/>
      </group> <!-- Sanity -->
      <group name="Regression">
        <method signature="TC002_Login_Test.verify_login()[pri:0, instance:testCases.TC002_Login_Test@10c8f62]" name="verify_login" class="testCases.TC002_Login_Test"/>
      </group> <!-- Regression -->
    </groups>
    <test started-at="2024-10-02T13:35:41 IST" name="Default test" finished-at="2024-10-02T13:35:50 IST" duration-ms="8732">
      <class name="testCases.TC002_Login_Test">
        <test-method is-config="true" signature="setup()[pri:0, instance:testCases.TC002_Login_Test@10c8f62]" started-at="2024-10-02T13:35:41 IST" name="setup" finished-at="2024-10-02T13:35:45 IST" duration-ms="4122" status="PASS">
          <reporter-output>
          </reporter-output>
        </test-method> <!-- setup -->
        <test-method signature="verify_login()[pri:0, instance:testCases.TC002_Login_Test@10c8f62]" started-at="2024-10-02T13:35:45 IST" name="verify_login" finished-at="2024-10-02T13:35:49 IST" duration-ms="4058" status="PASS">
          <reporter-output>
          </reporter-output>
        </test-method> <!-- verify_login -->
        <test-method is-config="true" signature="tearDown()[pri:0, instance:testCases.TC002_Login_Test@10c8f62]" started-at="2024-10-02T13:35:49 IST" name="tearDown" finished-at="2024-10-02T13:35:50 IST" duration-ms="506" status="PASS">
          <reporter-output>
          </reporter-output>
        </test-method> <!-- tearDown -->
      </class> <!-- testCases.TC002_Login_Test -->
    </test> <!-- Default test -->
  </suite> <!-- Default suite -->
</testng-results>
